Build started 3/10/2015 7:56:54 PM.
     1>Project "C:\Users\Tyler\Desktop\bacnet-stack-0.8.2\ports\win32\Microsoft Visual Studio 2008\BACnet Stack Library\BACnet Stack Library.vcxproj" on node 2 (Build target(s)).
     1>ClCompile:
         C:\Program Files (x86)\Microsoft Visual Studio 12.0\VC\bin\CL.exe /c /I..\.. /I..\..\..\..\include /I..\..\..\..\demo\object /I"H:\Program Files\Microsoft SDKs\Windows\v5.0\Include" /ZI /nologo /W3 /WX- /Od /Oy- /D WIN32 /D _DEBUG /D _LIB /D _UNICODE /D UNICODE /Gm /EHsc /RTC1 /MDd /GS /fp:precise /Zc:wchar_t /Zc:forScope /Fo"Debug\\" /Fd"Debug\vc120.pdb" /Gd /TC /analyze- /errorReport:prompt ..\..\..\..\demo\handler\dlenv.c ..\..\..\..\demo\handler\h_arf.c ..\..\..\..\demo\handler\h_arf_a.c ..\..\..\..\demo\handler\h_awf.c ..\..\..\..\demo\handler\h_cov.c ..\..\..\..\demo\handler\h_dcc.c ..\..\..\..\demo\handler\h_iam.c ..\..\..\..\demo\handler\h_ihave.c ..\..\..\..\demo\handler\h_lso.c ..\..\..\..\demo\handler\h_npdu.c ..\..\..\..\demo\handler\h_rd.c ..\..\..\..\demo\handler\h_routed_npdu.c ..\..\..\..\demo\handler\h_rp.c ..\..\..\..\demo\handler\h_rp_a.c ..\..\..\..\demo\handler\h_rpm.c ..\..\..\..\demo\handler\h_rpm_a.c ..\..\..\..\demo\handler\h_rr.c ..\..\..\..\demo\handler\h_ts.c ..\..\..\..\demo\handler\h_ucov.c ..\..\..\..\demo\handler\h_whohas.c ..\..\..\..\demo\handler\h_whois.c ..\..\..\..\demo\handler\h_wp.c ..\..\..\..\demo\handler\noserv.c ..\..\..\..\demo\handler\objects.c ..\..\..\..\demo\handler\s_arfs.c ..\..\..\..\demo\handler\s_awfs.c ..\..\..\..\demo\handler\s_cov.c ..\..\..\..\demo\handler\s_dcc.c ..\..\..\..\demo\handler\s_iam.c ..\..\..\..\demo\handler\s_ihave.c ..\..\..\..\demo\handler\s_rd.c ..\..\..\..\demo\handler\s_router.c ..\..\..\..\demo\handler\s_rp.c ..\..\..\..\demo\handler\s_rpm.c ..\..\..\..\demo\handler\s_ts.c ..\..\..\..\demo\handler\s_uevent.c ..\..\..\..\demo\handler\s_whohas.c ..\..\..\..\demo\handler\s_whois.c ..\..\..\..\demo\handler\s_wp.c ..\..\..\..\demo\handler\txbuf.c ..\..\..\..\src\abort.c ..\..\..\..\src\address.c ..\..\..\..\src\apdu.c ..\..\..\..\src\arf.c ..\..\..\..\src\awf.c ..\..\..\..\src\bacaddr.c ..\..\..\..\src\bacapp.c ..\..\..\..\src\bacdcode.c ..\..\..\..\src\bacdevobjpropref.c ..\..\..\..\src\bacerror.c ..\..\..\..\src\bacint.c ..\..\..\..\src\bacprop.c ..\..\..\..\src\bacpropstates.c ..\..\..\..\src\bacreal.c ..\..\..\..\src\bacstr.c ..\..\..\..\src\bactext.c ..\..\..\..\src\bip.c ..\..\..\..\src\bvlc.c ..\..\..\..\src\cov.c ..\..\..\..\src\crc.c ..\..\..\..\src\datalink.c ..\..\..\..\src\datetime.c ..\..\..\..\src\dcc.c ..\..\..\..\src\debug.c ..\..\..\..\src\event.c ..\..\..\..\src\fifo.c ..\..\..\..\src\iam.c ..\..\..\..\src\ihave.c ..\..\..\..\src\indtext.c ..\..\..\..\src\lso.c ..\..\..\..\src\memcopy.c ..\..\..\..\src\mstp.c ..\..\..\..\src\mstptext.c ..\..\..\..\src\npdu.c ..\..\..\..\src\ptransfer.c ..\..\..\..\src\rd.c ..\..\..\..\src\readrange.c ..\..\..\..\src\reject.c ..\..\..\..\src\ringbuf.c ..\..\..\..\src\rp.c ..\..\..\..\src\rpm.c ..\..\..\..\src\sbuf.c ..\..\..\..\src\timestamp.c ..\..\..\..\src\timesync.c ..\..\..\..\src\tsm.c ..\..\..\..\src\whohas.c ..\..\..\..\src\whois.c ..\..\..\..\src\wp.c ..\..\..\..\src\wpm.c
         wpm.c
     1>c:\users\tyler\desktop\bacnet-stack-0.8.2\ports\win32\stdbool.h(17): error C2628: 'int8_t' followed by 'bool' is illegal (did you forget a ';'?)
     1>c:\users\tyler\desktop\bacnet-stack-0.8.2\ports\win32\stdbool.h(17): warning C4091: 'typedef ' : ignored on left of 'char' when no variable is declared
         wp.c
     1>c:\users\tyler\desktop\bacnet-stack-0.8.2\ports\win32\stdbool.h(17): error C2628: 'int8_t' followed by 'bool' is illegal (did you forget a ';'?)
     1>c:\users\tyler\desktop\bacnet-stack-0.8.2\ports\win32\stdbool.h(17): warning C4091: 'typedef ' : ignored on left of 'char' when no variable is declared
         whois.c
     1>c:\users\tyler\desktop\bacnet-stack-0.8.2\ports\win32\stdbool.h(17): error C2628: 'int8_t' followed by 'bool' is illegal (did you forget a ';'?)
     1>c:\users\tyler\desktop\bacnet-stack-0.8.2\ports\win32\stdbool.h(17): warning C4091: 'typedef ' : ignored on left of 'char' when no variable is declared
     1>c:\users\tyler\desktop\bacnet-stack-0.8.2\src\whois.c(87): warning C4018: '>' : signed/unsigned mismatch
     1>c:\users\tyler\desktop\bacnet-stack-0.8.2\src\whois.c(94): warning C4018: '>' : signed/unsigned mismatch
     1>c:\users\tyler\desktop\bacnet-stack-0.8.2\src\whois.c(100): warning C4018: '>' : signed/unsigned mismatch
         whohas.c
     1>c:\users\tyler\desktop\bacnet-stack-0.8.2\ports\win32\stdbool.h(17): error C2628: 'int8_t' followed by 'bool' is illegal (did you forget a ';'?)
     1>c:\users\tyler\desktop\bacnet-stack-0.8.2\ports\win32\stdbool.h(17): warning C4091: 'typedef ' : ignored on left of 'char' when no variable is declared
         tsm.c
     1>c:\users\tyler\desktop\bacnet-stack-0.8.2\ports\win32\stdbool.h(17): error C2628: 'int8_t' followed by 'bool' is illegal (did you forget a ';'?)
     1>c:\users\tyler\desktop\bacnet-stack-0.8.2\ports\win32\stdbool.h(17): warning C4091: 'typedef ' : ignored on left of 'char' when no variable is declared
         timesync.c
     1>c:\users\tyler\desktop\bacnet-stack-0.8.2\ports\win32\stdbool.h(17): error C2628: 'int8_t' followed by 'bool' is illegal (did you forget a ';'?)
     1>c:\users\tyler\desktop\bacnet-stack-0.8.2\ports\win32\stdbool.h(17): warning C4091: 'typedef ' : ignored on left of 'char' when no variable is declared
     1>c:\users\tyler\desktop\bacnet-stack-0.8.2\src\timesync.c(169): warning C4018: '>=' : signed/unsigned mismatch
         timestamp.c
     1>c:\users\tyler\desktop\bacnet-stack-0.8.2\ports\win32\stdbool.h(17): error C2628: 'int8_t' followed by 'bool' is illegal (did you forget a ';'?)
     1>c:\users\tyler\desktop\bacnet-stack-0.8.2\ports\win32\stdbool.h(17): warning C4091: 'typedef ' : ignored on left of 'char' when no variable is declared
         sbuf.c
     1>c:\users\tyler\desktop\bacnet-stack-0.8.2\ports\win32\stdbool.h(17): error C2628: 'int8_t' followed by 'bool' is illegal (did you forget a ';'?)
     1>c:\users\tyler\desktop\bacnet-stack-0.8.2\ports\win32\stdbool.h(17): warning C4091: 'typedef ' : ignored on left of 'char' when no variable is declared
         rpm.c
     1>c:\users\tyler\desktop\bacnet-stack-0.8.2\ports\win32\stdbool.h(17): error C2628: 'int8_t' followed by 'bool' is illegal (did you forget a ';'?)
     1>c:\users\tyler\desktop\bacnet-stack-0.8.2\ports\win32\stdbool.h(17): warning C4091: 'typedef ' : ignored on left of 'char' when no variable is declared
         rp.c
     1>c:\users\tyler\desktop\bacnet-stack-0.8.2\ports\win32\stdbool.h(17): error C2628: 'int8_t' followed by 'bool' is illegal (did you forget a ';'?)
     1>c:\users\tyler\desktop\bacnet-stack-0.8.2\ports\win32\stdbool.h(17): warning C4091: 'typedef ' : ignored on left of 'char' when no variable is declared
         ringbuf.c
     1>c:\users\tyler\desktop\bacnet-stack-0.8.2\ports\win32\stdbool.h(17): error C2628: 'int8_t' followed by 'bool' is illegal (did you forget a ';'?)
     1>c:\users\tyler\desktop\bacnet-stack-0.8.2\ports\win32\stdbool.h(17): warning C4091: 'typedef ' : ignored on left of 'char' when no variable is declared
         reject.c
     1>c:\users\tyler\desktop\bacnet-stack-0.8.2\ports\win32\stdbool.h(17): error C2628: 'int8_t' followed by 'bool' is illegal (did you forget a ';'?)
     1>c:\users\tyler\desktop\bacnet-stack-0.8.2\ports\win32\stdbool.h(17): warning C4091: 'typedef ' : ignored on left of 'char' when no variable is declared
         readrange.c
     1>c:\users\tyler\desktop\bacnet-stack-0.8.2\ports\win32\stdbool.h(17): error C2628: 'int8_t' followed by 'bool' is illegal (did you forget a ';'?)
     1>c:\users\tyler\desktop\bacnet-stack-0.8.2\ports\win32\stdbool.h(17): warning C4091: 'typedef ' : ignored on left of 'char' when no variable is declared
         rd.c
     1>c:\users\tyler\desktop\bacnet-stack-0.8.2\ports\win32\stdbool.h(17): error C2628: 'int8_t' followed by 'bool' is illegal (did you forget a ';'?)
     1>c:\users\tyler\desktop\bacnet-stack-0.8.2\ports\win32\stdbool.h(17): warning C4091: 'typedef ' : ignored on left of 'char' when no variable is declared
         ptransfer.c
     1>c:\users\tyler\desktop\bacnet-stack-0.8.2\ports\win32\stdbool.h(17): error C2628: 'int8_t' followed by 'bool' is illegal (did you forget a ';'?)
     1>c:\users\tyler\desktop\bacnet-stack-0.8.2\ports\win32\stdbool.h(17): warning C4091: 'typedef ' : ignored on left of 'char' when no variable is declared
         npdu.c
     1>c:\users\tyler\desktop\bacnet-stack-0.8.2\ports\win32\stdbool.h(17): error C2628: 'int8_t' followed by 'bool' is illegal (did you forget a ';'?)
     1>c:\users\tyler\desktop\bacnet-stack-0.8.2\ports\win32\stdbool.h(17): warning C4091: 'typedef ' : ignored on left of 'char' when no variable is declared
         mstptext.c
     1>c:\users\tyler\desktop\bacnet-stack-0.8.2\ports\win32\stdbool.h(17): error C2628: 'int8_t' followed by 'bool' is illegal (did you forget a ';'?)
     1>c:\users\tyler\desktop\bacnet-stack-0.8.2\ports\win32\stdbool.h(17): warning C4091: 'typedef ' : ignored on left of 'char' when no variable is declared
         mstp.c
     1>c:\users\tyler\desktop\bacnet-stack-0.8.2\ports\win32\stdbool.h(17): error C2628: 'int8_t' followed by 'bool' is illegal (did you forget a ';'?)
     1>c:\users\tyler\desktop\bacnet-stack-0.8.2\ports\win32\stdbool.h(17): warning C4091: 'typedef ' : ignored on left of 'char' when no variable is declared
         memcopy.c
     1>c:\users\tyler\desktop\bacnet-stack-0.8.2\ports\win32\stdbool.h(17): error C2628: 'int8_t' followed by 'bool' is illegal (did you forget a ';'?)
     1>c:\users\tyler\desktop\bacnet-stack-0.8.2\ports\win32\stdbool.h(17): warning C4091: 'typedef ' : ignored on left of 'char' when no variable is declared
         lso.c
     1>c:\users\tyler\desktop\bacnet-stack-0.8.2\ports\win32\stdbool.h(17): error C2628: 'int8_t' followed by 'bool' is illegal (did you forget a ';'?)
     1>c:\users\tyler\desktop\bacnet-stack-0.8.2\ports\win32\stdbool.h(17): warning C4091: 'typedef ' : ignored on left of 'char' when no variable is declared
         Generating Code...
         Compiling...
         indtext.c
     1>c:\users\tyler\desktop\bacnet-stack-0.8.2\ports\win32\stdbool.h(17): error C2628: 'int8_t' followed by 'bool' is illegal (did you forget a ';'?)
     1>c:\users\tyler\desktop\bacnet-stack-0.8.2\ports\win32\stdbool.h(17): warning C4091: 'typedef ' : ignored on left of 'char' when no variable is declared
         ihave.c
     1>c:\users\tyler\desktop\bacnet-stack-0.8.2\ports\win32\stdbool.h(17): error C2628: 'int8_t' followed by 'bool' is illegal (did you forget a ';'?)
     1>c:\users\tyler\desktop\bacnet-stack-0.8.2\ports\win32\stdbool.h(17): warning C4091: 'typedef ' : ignored on left of 'char' when no variable is declared
         iam.c
     1>c:\users\tyler\desktop\bacnet-stack-0.8.2\ports\win32\stdbool.h(17): error C2628: 'int8_t' followed by 'bool' is illegal (did you forget a ';'?)
     1>c:\users\tyler\desktop\bacnet-stack-0.8.2\ports\win32\stdbool.h(17): warning C4091: 'typedef ' : ignored on left of 'char' when no variable is declared
         fifo.c
     1>c:\users\tyler\desktop\bacnet-stack-0.8.2\ports\win32\stdbool.h(17): error C2628: 'int8_t' followed by 'bool' is illegal (did you forget a ';'?)
     1>c:\users\tyler\desktop\bacnet-stack-0.8.2\ports\win32\stdbool.h(17): warning C4091: 'typedef ' : ignored on left of 'char' when no variable is declared
         event.c
     1>c:\users\tyler\desktop\bacnet-stack-0.8.2\ports\win32\stdbool.h(17): error C2628: 'int8_t' followed by 'bool' is illegal (did you forget a ';'?)
     1>c:\users\tyler\desktop\bacnet-stack-0.8.2\ports\win32\stdbool.h(17): warning C4091: 'typedef ' : ignored on left of 'char' when no variable is declared
         debug.c
     1>c:\users\tyler\desktop\bacnet-stack-0.8.2\ports\win32\stdbool.h(17): error C2628: 'int8_t' followed by 'bool' is illegal (did you forget a ';'?)
     1>c:\users\tyler\desktop\bacnet-stack-0.8.2\ports\win32\stdbool.h(17): warning C4091: 'typedef ' : ignored on left of 'char' when no variable is declared
         dcc.c
     1>c:\users\tyler\desktop\bacnet-stack-0.8.2\ports\win32\stdbool.h(17): error C2628: 'int8_t' followed by 'bool' is illegal (did you forget a ';'?)
     1>c:\users\tyler\desktop\bacnet-stack-0.8.2\ports\win32\stdbool.h(17): warning C4091: 'typedef ' : ignored on left of 'char' when no variable is declared
         datetime.c
     1>c:\users\tyler\desktop\bacnet-stack-0.8.2\ports\win32\stdbool.h(17): error C2628: 'int8_t' followed by 'bool' is illegal (did you forget a ';'?)
     1>c:\users\tyler\desktop\bacnet-stack-0.8.2\ports\win32\stdbool.h(17): warning C4091: 'typedef ' : ignored on left of 'char' when no variable is declared
         datalink.c
     1>c:\users\tyler\desktop\bacnet-stack-0.8.2\ports\win32\stdbool.h(17): error C2628: 'int8_t' followed by 'bool' is illegal (did you forget a ';'?)
     1>c:\users\tyler\desktop\bacnet-stack-0.8.2\ports\win32\stdbool.h(17): warning C4091: 'typedef ' : ignored on left of 'char' when no variable is declared
         crc.c
     1>c:\users\tyler\desktop\bacnet-stack-0.8.2\ports\win32\stdbool.h(17): error C2628: 'int8_t' followed by 'bool' is illegal (did you forget a ';'?)
     1>c:\users\tyler\desktop\bacnet-stack-0.8.2\ports\win32\stdbool.h(17): warning C4091: 'typedef ' : ignored on left of 'char' when no variable is declared
         cov.c
     1>c:\users\tyler\desktop\bacnet-stack-0.8.2\ports\win32\stdbool.h(17): error C2628: 'int8_t' followed by 'bool' is illegal (did you forget a ';'?)
     1>c:\users\tyler\desktop\bacnet-stack-0.8.2\ports\win32\stdbool.h(17): warning C4091: 'typedef ' : ignored on left of 'char' when no variable is declared
         bvlc.c
     1>c:\users\tyler\desktop\bacnet-stack-0.8.2\ports\win32\stdbool.h(17): error C2628: 'int8_t' followed by 'bool' is illegal (did you forget a ';'?)
     1>c:\users\tyler\desktop\bacnet-stack-0.8.2\ports\win32\stdbool.h(17): warning C4091: 'typedef ' : ignored on left of 'char' when no variable is declared
         bip.c
     1>c:\users\tyler\desktop\bacnet-stack-0.8.2\ports\win32\stdbool.h(17): error C2628: 'int8_t' followed by 'bool' is illegal (did you forget a ';'?)
     1>c:\users\tyler\desktop\bacnet-stack-0.8.2\ports\win32\stdbool.h(17): warning C4091: 'typedef ' : ignored on left of 'char' when no variable is declared
         bactext.c
     1>c:\users\tyler\desktop\bacnet-stack-0.8.2\ports\win32\stdbool.h(17): error C2628: 'int8_t' followed by 'bool' is illegal (did you forget a ';'?)
     1>c:\users\tyler\desktop\bacnet-stack-0.8.2\ports\win32\stdbool.h(17): warning C4091: 'typedef ' : ignored on left of 'char' when no variable is declared
         bacstr.c
     1>c:\users\tyler\desktop\bacnet-stack-0.8.2\ports\win32\stdbool.h(17): error C2628: 'int8_t' followed by 'bool' is illegal (did you forget a ';'?)
     1>c:\users\tyler\desktop\bacnet-stack-0.8.2\ports\win32\stdbool.h(17): warning C4091: 'typedef ' : ignored on left of 'char' when no variable is declared
         bacreal.c
     1>c:\users\tyler\desktop\bacnet-stack-0.8.2\ports\win32\stdbool.h(17): error C2628: 'int8_t' followed by 'bool' is illegal (did you forget a ';'?)
     1>c:\users\tyler\desktop\bacnet-stack-0.8.2\ports\win32\stdbool.h(17): warning C4091: 'typedef ' : ignored on left of 'char' when no variable is declared
         bacpropstates.c
     1>c:\users\tyler\desktop\bacnet-stack-0.8.2\ports\win32\stdbool.h(17): error C2628: 'int8_t' followed by 'bool' is illegal (did you forget a ';'?)
     1>c:\users\tyler\desktop\bacnet-stack-0.8.2\ports\win32\stdbool.h(17): warning C4091: 'typedef ' : ignored on left of 'char' when no variable is declared
         bacprop.c
     1>c:\users\tyler\desktop\bacnet-stack-0.8.2\ports\win32\stdbool.h(17): error C2628: 'int8_t' followed by 'bool' is illegal (did you forget a ';'?)
     1>c:\users\tyler\desktop\bacnet-stack-0.8.2\ports\win32\stdbool.h(17): warning C4091: 'typedef ' : ignored on left of 'char' when no variable is declared
         bacint.c
     1>c:\users\tyler\desktop\bacnet-stack-0.8.2\ports\win32\stdbool.h(17): error C2628: 'int8_t' followed by 'bool' is illegal (did you forget a ';'?)
     1>c:\users\tyler\desktop\bacnet-stack-0.8.2\ports\win32\stdbool.h(17): warning C4091: 'typedef ' : ignored on left of 'char' when no variable is declared
         bacerror.c
     1>c:\users\tyler\desktop\bacnet-stack-0.8.2\ports\win32\stdbool.h(17): error C2628: 'int8_t' followed by 'bool' is illegal (did you forget a ';'?)
     1>c:\users\tyler\desktop\bacnet-stack-0.8.2\ports\win32\stdbool.h(17): warning C4091: 'typedef ' : ignored on left of 'char' when no variable is declared
         Generating Code...
         Compiling...
         bacdevobjpropref.c
     1>c:\users\tyler\desktop\bacnet-stack-0.8.2\ports\win32\stdbool.h(17): error C2628: 'int8_t' followed by 'bool' is illegal (did you forget a ';'?)
     1>c:\users\tyler\desktop\bacnet-stack-0.8.2\ports\win32\stdbool.h(17): warning C4091: 'typedef ' : ignored on left of 'char' when no variable is declared
         bacdcode.c
     1>c:\users\tyler\desktop\bacnet-stack-0.8.2\ports\win32\stdbool.h(17): error C2628: 'int8_t' followed by 'bool' is illegal (did you forget a ';'?)
     1>c:\users\tyler\desktop\bacnet-stack-0.8.2\ports\win32\stdbool.h(17): warning C4091: 'typedef ' : ignored on left of 'char' when no variable is declared
         bacapp.c
     1>c:\users\tyler\desktop\bacnet-stack-0.8.2\ports\win32\stdbool.h(17): error C2628: 'int8_t' followed by 'bool' is illegal (did you forget a ';'?)
     1>c:\users\tyler\desktop\bacnet-stack-0.8.2\ports\win32\stdbool.h(17): warning C4091: 'typedef ' : ignored on left of 'char' when no variable is declared
         bacaddr.c
     1>c:\users\tyler\desktop\bacnet-stack-0.8.2\ports\win32\stdbool.h(17): error C2628: 'int8_t' followed by 'bool' is illegal (did you forget a ';'?)
     1>c:\users\tyler\desktop\bacnet-stack-0.8.2\ports\win32\stdbool.h(17): warning C4091: 'typedef ' : ignored on left of 'char' when no variable is declared
         awf.c
     1>c:\users\tyler\desktop\bacnet-stack-0.8.2\ports\win32\stdbool.h(17): error C2628: 'int8_t' followed by 'bool' is illegal (did you forget a ';'?)
     1>c:\users\tyler\desktop\bacnet-stack-0.8.2\ports\win32\stdbool.h(17): warning C4091: 'typedef ' : ignored on left of 'char' when no variable is declared
         arf.c
     1>c:\users\tyler\desktop\bacnet-stack-0.8.2\ports\win32\stdbool.h(17): error C2628: 'int8_t' followed by 'bool' is illegal (did you forget a ';'?)
     1>c:\users\tyler\desktop\bacnet-stack-0.8.2\ports\win32\stdbool.h(17): warning C4091: 'typedef ' : ignored on left of 'char' when no variable is declared
         apdu.c
     1>c:\users\tyler\desktop\bacnet-stack-0.8.2\ports\win32\stdbool.h(17): error C2628: 'int8_t' followed by 'bool' is illegal (did you forget a ';'?)
     1>c:\users\tyler\desktop\bacnet-stack-0.8.2\ports\win32\stdbool.h(17): warning C4091: 'typedef ' : ignored on left of 'char' when no variable is declared
         address.c
     1>c:\users\tyler\desktop\bacnet-stack-0.8.2\ports\win32\stdbool.h(17): error C2628: 'int8_t' followed by 'bool' is illegal (did you forget a ';'?)
     1>c:\users\tyler\desktop\bacnet-stack-0.8.2\ports\win32\stdbool.h(17): warning C4091: 'typedef ' : ignored on left of 'char' when no variable is declared
         abort.c
     1>c:\users\tyler\desktop\bacnet-stack-0.8.2\ports\win32\stdbool.h(17): error C2628: 'int8_t' followed by 'bool' is illegal (did you forget a ';'?)
     1>c:\users\tyler\desktop\bacnet-stack-0.8.2\ports\win32\stdbool.h(17): warning C4091: 'typedef ' : ignored on left of 'char' when no variable is declared
         txbuf.c
     1>c:\users\tyler\desktop\bacnet-stack-0.8.2\ports\win32\stdbool.h(17): error C2628: 'int8_t' followed by 'bool' is illegal (did you forget a ';'?)
     1>c:\users\tyler\desktop\bacnet-stack-0.8.2\ports\win32\stdbool.h(17): warning C4091: 'typedef ' : ignored on left of 'char' when no variable is declared
         s_wp.c
     1>c:\users\tyler\desktop\bacnet-stack-0.8.2\ports\win32\stdbool.h(17): error C2628: 'int8_t' followed by 'bool' is illegal (did you forget a ';'?)
     1>c:\users\tyler\desktop\bacnet-stack-0.8.2\ports\win32\stdbool.h(17): warning C4091: 'typedef ' : ignored on left of 'char' when no variable is declared
         s_whois.c
     1>c:\users\tyler\desktop\bacnet-stack-0.8.2\ports\win32\stdbool.h(17): error C2628: 'int8_t' followed by 'bool' is illegal (did you forget a ';'?)
     1>c:\users\tyler\desktop\bacnet-stack-0.8.2\ports\win32\stdbool.h(17): warning C4091: 'typedef ' : ignored on left of 'char' when no variable is declared
         s_whohas.c
     1>c:\users\tyler\desktop\bacnet-stack-0.8.2\ports\win32\stdbool.h(17): error C2628: 'int8_t' followed by 'bool' is illegal (did you forget a ';'?)
     1>c:\users\tyler\desktop\bacnet-stack-0.8.2\ports\win32\stdbool.h(17): warning C4091: 'typedef ' : ignored on left of 'char' when no variable is declared
         s_uevent.c
     1>c:\users\tyler\desktop\bacnet-stack-0.8.2\ports\win32\stdbool.h(17): error C2628: 'int8_t' followed by 'bool' is illegal (did you forget a ';'?)
     1>c:\users\tyler\desktop\bacnet-stack-0.8.2\ports\win32\stdbool.h(17): warning C4091: 'typedef ' : ignored on left of 'char' when no variable is declared
         s_ts.c
     1>c:\users\tyler\desktop\bacnet-stack-0.8.2\ports\win32\stdbool.h(17): error C2628: 'int8_t' followed by 'bool' is illegal (did you forget a ';'?)
     1>c:\users\tyler\desktop\bacnet-stack-0.8.2\ports\win32\stdbool.h(17): warning C4091: 'typedef ' : ignored on left of 'char' when no variable is declared
         s_rpm.c
     1>c:\users\tyler\desktop\bacnet-stack-0.8.2\ports\win32\stdbool.h(17): error C2628: 'int8_t' followed by 'bool' is illegal (did you forget a ';'?)
     1>c:\users\tyler\desktop\bacnet-stack-0.8.2\ports\win32\stdbool.h(17): warning C4091: 'typedef ' : ignored on left of 'char' when no variable is declared
         s_rp.c
     1>c:\users\tyler\desktop\bacnet-stack-0.8.2\ports\win32\stdbool.h(17): error C2628: 'int8_t' followed by 'bool' is illegal (did you forget a ';'?)
     1>c:\users\tyler\desktop\bacnet-stack-0.8.2\ports\win32\stdbool.h(17): warning C4091: 'typedef ' : ignored on left of 'char' when no variable is declared
         s_router.c
     1>c:\users\tyler\desktop\bacnet-stack-0.8.2\ports\win32\stdbool.h(17): error C2628: 'int8_t' followed by 'bool' is illegal (did you forget a ';'?)
     1>c:\users\tyler\desktop\bacnet-stack-0.8.2\ports\win32\stdbool.h(17): warning C4091: 'typedef ' : ignored on left of 'char' when no variable is declared
         s_rd.c
     1>c:\users\tyler\desktop\bacnet-stack-0.8.2\ports\win32\stdbool.h(17): error C2628: 'int8_t' followed by 'bool' is illegal (did you forget a ';'?)
     1>c:\users\tyler\desktop\bacnet-stack-0.8.2\ports\win32\stdbool.h(17): warning C4091: 'typedef ' : ignored on left of 'char' when no variable is declared
         s_ihave.c
     1>c:\users\tyler\desktop\bacnet-stack-0.8.2\ports\win32\stdbool.h(17): error C2628: 'int8_t' followed by 'bool' is illegal (did you forget a ';'?)
     1>c:\users\tyler\desktop\bacnet-stack-0.8.2\ports\win32\stdbool.h(17): warning C4091: 'typedef ' : ignored on left of 'char' when no variable is declared
         Generating Code...
         Compiling...
         s_iam.c
     1>c:\users\tyler\desktop\bacnet-stack-0.8.2\ports\win32\stdbool.h(17): error C2628: 'int8_t' followed by 'bool' is illegal (did you forget a ';'?)
     1>c:\users\tyler\desktop\bacnet-stack-0.8.2\ports\win32\stdbool.h(17): warning C4091: 'typedef ' : ignored on left of 'char' when no variable is declared
         s_dcc.c
     1>c:\users\tyler\desktop\bacnet-stack-0.8.2\ports\win32\stdbool.h(17): error C2628: 'int8_t' followed by 'bool' is illegal (did you forget a ';'?)
     1>c:\users\tyler\desktop\bacnet-stack-0.8.2\ports\win32\stdbool.h(17): warning C4091: 'typedef ' : ignored on left of 'char' when no variable is declared
         s_cov.c
     1>c:\users\tyler\desktop\bacnet-stack-0.8.2\ports\win32\stdbool.h(17): error C2628: 'int8_t' followed by 'bool' is illegal (did you forget a ';'?)
     1>c:\users\tyler\desktop\bacnet-stack-0.8.2\ports\win32\stdbool.h(17): warning C4091: 'typedef ' : ignored on left of 'char' when no variable is declared
         s_awfs.c
     1>c:\users\tyler\desktop\bacnet-stack-0.8.2\ports\win32\stdbool.h(17): error C2628: 'int8_t' followed by 'bool' is illegal (did you forget a ';'?)
     1>c:\users\tyler\desktop\bacnet-stack-0.8.2\ports\win32\stdbool.h(17): warning C4091: 'typedef ' : ignored on left of 'char' when no variable is declared
         s_arfs.c
     1>c:\users\tyler\desktop\bacnet-stack-0.8.2\ports\win32\stdbool.h(17): error C2628: 'int8_t' followed by 'bool' is illegal (did you forget a ';'?)
     1>c:\users\tyler\desktop\bacnet-stack-0.8.2\ports\win32\stdbool.h(17): warning C4091: 'typedef ' : ignored on left of 'char' when no variable is declared
         objects.c
     1>c:\users\tyler\desktop\bacnet-stack-0.8.2\ports\win32\stdbool.h(17): error C2628: 'int8_t' followed by 'bool' is illegal (did you forget a ';'?)
     1>c:\users\tyler\desktop\bacnet-stack-0.8.2\ports\win32\stdbool.h(17): warning C4091: 'typedef ' : ignored on left of 'char' when no variable is declared
         noserv.c
     1>c:\users\tyler\desktop\bacnet-stack-0.8.2\ports\win32\stdbool.h(17): error C2628: 'int8_t' followed by 'bool' is illegal (did you forget a ';'?)
     1>c:\users\tyler\desktop\bacnet-stack-0.8.2\ports\win32\stdbool.h(17): warning C4091: 'typedef ' : ignored on left of 'char' when no variable is declared
         h_wp.c
     1>c:\users\tyler\desktop\bacnet-stack-0.8.2\ports\win32\stdbool.h(17): error C2628: 'int8_t' followed by 'bool' is illegal (did you forget a ';'?)
     1>c:\users\tyler\desktop\bacnet-stack-0.8.2\ports\win32\stdbool.h(17): warning C4091: 'typedef ' : ignored on left of 'char' when no variable is declared
         h_whois.c
     1>c:\users\tyler\desktop\bacnet-stack-0.8.2\ports\win32\stdbool.h(17): error C2628: 'int8_t' followed by 'bool' is illegal (did you forget a ';'?)
     1>c:\users\tyler\desktop\bacnet-stack-0.8.2\ports\win32\stdbool.h(17): warning C4091: 'typedef ' : ignored on left of 'char' when no variable is declared
         h_whohas.c
     1>c:\users\tyler\desktop\bacnet-stack-0.8.2\ports\win32\stdbool.h(17): error C2628: 'int8_t' followed by 'bool' is illegal (did you forget a ';'?)
     1>c:\users\tyler\desktop\bacnet-stack-0.8.2\ports\win32\stdbool.h(17): warning C4091: 'typedef ' : ignored on left of 'char' when no variable is declared
         h_ucov.c
     1>c:\users\tyler\desktop\bacnet-stack-0.8.2\ports\win32\stdbool.h(17): error C2628: 'int8_t' followed by 'bool' is illegal (did you forget a ';'?)
     1>c:\users\tyler\desktop\bacnet-stack-0.8.2\ports\win32\stdbool.h(17): warning C4091: 'typedef ' : ignored on left of 'char' when no variable is declared
         h_ts.c
     1>c:\users\tyler\desktop\bacnet-stack-0.8.2\ports\win32\stdbool.h(17): error C2628: 'int8_t' followed by 'bool' is illegal (did you forget a ';'?)
     1>c:\users\tyler\desktop\bacnet-stack-0.8.2\ports\win32\stdbool.h(17): warning C4091: 'typedef ' : ignored on left of 'char' when no variable is declared
         h_rr.c
     1>c:\users\tyler\desktop\bacnet-stack-0.8.2\ports\win32\stdbool.h(17): error C2628: 'int8_t' followed by 'bool' is illegal (did you forget a ';'?)
     1>c:\users\tyler\desktop\bacnet-stack-0.8.2\ports\win32\stdbool.h(17): warning C4091: 'typedef ' : ignored on left of 'char' when no variable is declared
         h_rpm_a.c
     1>c:\users\tyler\desktop\bacnet-stack-0.8.2\ports\win32\stdbool.h(17): error C2628: 'int8_t' followed by 'bool' is illegal (did you forget a ';'?)
     1>c:\users\tyler\desktop\bacnet-stack-0.8.2\ports\win32\stdbool.h(17): warning C4091: 'typedef ' : ignored on left of 'char' when no variable is declared
         h_rpm.c
     1>c:\users\tyler\desktop\bacnet-stack-0.8.2\ports\win32\stdbool.h(17): error C2628: 'int8_t' followed by 'bool' is illegal (did you forget a ';'?)
     1>c:\users\tyler\desktop\bacnet-stack-0.8.2\ports\win32\stdbool.h(17): warning C4091: 'typedef ' : ignored on left of 'char' when no variable is declared
         h_rp_a.c
     1>c:\users\tyler\desktop\bacnet-stack-0.8.2\ports\win32\stdbool.h(17): error C2628: 'int8_t' followed by 'bool' is illegal (did you forget a ';'?)
     1>c:\users\tyler\desktop\bacnet-stack-0.8.2\ports\win32\stdbool.h(17): warning C4091: 'typedef ' : ignored on left of 'char' when no variable is declared
         h_rp.c
     1>c:\users\tyler\desktop\bacnet-stack-0.8.2\ports\win32\stdbool.h(17): error C2628: 'int8_t' followed by 'bool' is illegal (did you forget a ';'?)
     1>c:\users\tyler\desktop\bacnet-stack-0.8.2\ports\win32\stdbool.h(17): warning C4091: 'typedef ' : ignored on left of 'char' when no variable is declared
         h_routed_npdu.c
     1>c:\users\tyler\desktop\bacnet-stack-0.8.2\ports\win32\stdbool.h(17): error C2628: 'int8_t' followed by 'bool' is illegal (did you forget a ';'?)
     1>c:\users\tyler\desktop\bacnet-stack-0.8.2\ports\win32\stdbool.h(17): warning C4091: 'typedef ' : ignored on left of 'char' when no variable is declared
         h_rd.c
     1>c:\users\tyler\desktop\bacnet-stack-0.8.2\ports\win32\stdbool.h(17): error C2628: 'int8_t' followed by 'bool' is illegal (did you forget a ';'?)
     1>c:\users\tyler\desktop\bacnet-stack-0.8.2\ports\win32\stdbool.h(17): warning C4091: 'typedef ' : ignored on left of 'char' when no variable is declared
         h_npdu.c
     1>c:\users\tyler\desktop\bacnet-stack-0.8.2\ports\win32\stdbool.h(17): error C2628: 'int8_t' followed by 'bool' is illegal (did you forget a ';'?)
     1>c:\users\tyler\desktop\bacnet-stack-0.8.2\ports\win32\stdbool.h(17): warning C4091: 'typedef ' : ignored on left of 'char' when no variable is declared
         Generating Code...
         Compiling...
         h_lso.c
     1>c:\users\tyler\desktop\bacnet-stack-0.8.2\ports\win32\stdbool.h(17): error C2628: 'int8_t' followed by 'bool' is illegal (did you forget a ';'?)
     1>c:\users\tyler\desktop\bacnet-stack-0.8.2\ports\win32\stdbool.h(17): warning C4091: 'typedef ' : ignored on left of 'char' when no variable is declared
         h_ihave.c
     1>c:\users\tyler\desktop\bacnet-stack-0.8.2\ports\win32\stdbool.h(17): error C2628: 'int8_t' followed by 'bool' is illegal (did you forget a ';'?)
     1>c:\users\tyler\desktop\bacnet-stack-0.8.2\ports\win32\stdbool.h(17): warning C4091: 'typedef ' : ignored on left of 'char' when no variable is declared
         h_iam.c
     1>c:\users\tyler\desktop\bacnet-stack-0.8.2\ports\win32\stdbool.h(17): error C2628: 'int8_t' followed by 'bool' is illegal (did you forget a ';'?)
     1>c:\users\tyler\desktop\bacnet-stack-0.8.2\ports\win32\stdbool.h(17): warning C4091: 'typedef ' : ignored on left of 'char' when no variable is declared
         h_dcc.c
     1>c:\users\tyler\desktop\bacnet-stack-0.8.2\ports\win32\stdbool.h(17): error C2628: 'int8_t' followed by 'bool' is illegal (did you forget a ';'?)
     1>c:\users\tyler\desktop\bacnet-stack-0.8.2\ports\win32\stdbool.h(17): warning C4091: 'typedef ' : ignored on left of 'char' when no variable is declared
         h_cov.c
     1>c:\users\tyler\desktop\bacnet-stack-0.8.2\ports\win32\stdbool.h(17): error C2628: 'int8_t' followed by 'bool' is illegal (did you forget a ';'?)
     1>c:\users\tyler\desktop\bacnet-stack-0.8.2\ports\win32\stdbool.h(17): warning C4091: 'typedef ' : ignored on left of 'char' when no variable is declared
         h_awf.c
     1>c:\users\tyler\desktop\bacnet-stack-0.8.2\ports\win32\stdbool.h(17): error C2628: 'int8_t' followed by 'bool' is illegal (did you forget a ';'?)
     1>c:\users\tyler\desktop\bacnet-stack-0.8.2\ports\win32\stdbool.h(17): warning C4091: 'typedef ' : ignored on left of 'char' when no variable is declared
         h_arf_a.c
     1>c:\users\tyler\desktop\bacnet-stack-0.8.2\ports\win32\stdbool.h(17): error C2628: 'int8_t' followed by 'bool' is illegal (did you forget a ';'?)
     1>c:\users\tyler\desktop\bacnet-stack-0.8.2\ports\win32\stdbool.h(17): warning C4091: 'typedef ' : ignored on left of 'char' when no variable is declared
         h_arf.c
     1>c:\users\tyler\desktop\bacnet-stack-0.8.2\ports\win32\stdbool.h(17): error C2628: 'int8_t' followed by 'bool' is illegal (did you forget a ';'?)
     1>c:\users\tyler\desktop\bacnet-stack-0.8.2\ports\win32\stdbool.h(17): warning C4091: 'typedef ' : ignored on left of 'char' when no variable is declared
         dlenv.c
     1>c:\users\tyler\desktop\bacnet-stack-0.8.2\ports\win32\stdbool.h(17): error C2628: 'int8_t' followed by 'bool' is illegal (did you forget a ';'?)
     1>c:\users\tyler\desktop\bacnet-stack-0.8.2\ports\win32\stdbool.h(17): warning C4091: 'typedef ' : ignored on left of 'char' when no variable is declared
         Generating Code...
     1>Done Building Project "C:\Users\Tyler\Desktop\bacnet-stack-0.8.2\ports\win32\Microsoft Visual Studio 2008\BACnet Stack Library\BACnet Stack Library.vcxproj" (Build target(s)) -- FAILED.

Build FAILED.

Time Elapsed 00:00:09.02
