Build started 3/10/2015 7:56:34 PM.
     1>Project "C:\Users\Tyler\Desktop\bacnet-stack-0.8.2\ports\win32\Microsoft Visual Studio 2008\gateway\gateway.vcxproj" on node 4 (Build target(s)).
     1>ClCompile:
         C:\Program Files (x86)\Microsoft Visual Studio 12.0\VC\bin\CL.exe /c /I..\..\..\..\demo\object /I..\.. /I..\..\..\..\include /I"H:\Program Files\Microsoft SDKs\Windows\v5.0\Include" /ZI /nologo /W3 /WX- /Od /Oy- /D WIN32 /D _DEBUG /D _CONSOLE /D _UNICODE /D UNICODE /Gm /EHsc /RTC1 /MDd /GS /fp:precise /Zc:wchar_t /Zc:forScope /Fo"Debug\\" /Fd"Debug\vc120.pdb" /Gd /TC /analyze- /errorReport:prompt ..\..\..\..\demo\gateway\main.c ..\..\..\..\demo\handler\h_whohas.c ..\..\..\..\demo\object\gw_device.c "..\..\bip-init.c"
         bip-init.c
     1>c:\users\tyler\desktop\bacnet-stack-0.8.2\ports\win32\stdbool.h(17): error C2628: 'int8_t' followed by 'bool' is illegal (did you forget a ';'?)
     1>c:\users\tyler\desktop\bacnet-stack-0.8.2\ports\win32\stdbool.h(17): warning C4091: 'typedef ' : ignored on left of 'char' when no variable is declared
         gw_device.c
     1>c:\users\tyler\desktop\bacnet-stack-0.8.2\ports\win32\stdbool.h(17): error C2628: 'int8_t' followed by 'bool' is illegal (did you forget a ';'?)
     1>c:\users\tyler\desktop\bacnet-stack-0.8.2\ports\win32\stdbool.h(17): warning C4091: 'typedef ' : ignored on left of 'char' when no variable is declared
     1>c:\users\tyler\desktop\bacnet-stack-0.8.2\demo\object\gw_device.c(82): fatal error C1021: invalid preprocessor command 'warning'
         h_whohas.c
     1>c:\users\tyler\desktop\bacnet-stack-0.8.2\ports\win32\stdbool.h(17): error C2628: 'int8_t' followed by 'bool' is illegal (did you forget a ';'?)
     1>c:\users\tyler\desktop\bacnet-stack-0.8.2\ports\win32\stdbool.h(17): warning C4091: 'typedef ' : ignored on left of 'char' when no variable is declared
         main.c
     1>c:\users\tyler\desktop\bacnet-stack-0.8.2\ports\win32\stdbool.h(17): error C2628: 'int8_t' followed by 'bool' is illegal (did you forget a ';'?)
     1>c:\users\tyler\desktop\bacnet-stack-0.8.2\ports\win32\stdbool.h(17): warning C4091: 'typedef ' : ignored on left of 'char' when no variable is declared
     1>c:\users\tyler\desktop\bacnet-stack-0.8.2\demo\gateway\main.c(323): warning C4244: '=' : conversion from 'time_t' to 'uint32_t', possible loss of data
         Generating Code...
     1>Done Building Project "C:\Users\Tyler\Desktop\bacnet-stack-0.8.2\ports\win32\Microsoft Visual Studio 2008\gateway\gateway.vcxproj" (Build target(s)) -- FAILED.

Build FAILED.

Time Elapsed 00:00:01.10
