Build started 3/10/2015 8:29:51 PM.
     1>Project "C:\Users\Tyler\Desktop\bacnet-stack-0.8.2\ports\win32\bacnet\bacnet.vcxproj" on node 2 (Build target(s)).
     1>Link:
         C:\Program Files (x86)\Microsoft Visual Studio 12.0\VC\bin\link.exe /ERRORREPORT:PROMPT /OUT:".\Debug\bacnet.exe" /INCREMENTAL /NOLOGO odbc32.lib odbccp32.lib wsock32.lib kernel32.lib user32.lib gdi32.lib winspool.lib comdlg32.lib advapi32.lib shell32.lib ole32.lib oleaut32.lib uuid.lib odbc32.lib odbccp32.lib /MANIFEST /MANIFESTUAC:"level='asInvoker' uiAccess='false'" /manifest:embed /DEBUG /PDB:".\Debug\bacnet.pdb" /SUBSYSTEM:CONSOLE /TLBID:1 /DYNAMICBASE /NXCOMPAT /IMPLIB:".\Debug\bacnet.lib" /MACHINE:X86 /SAFESEH .\Debug\dlenv.obj
         .\Debug\h_arf.obj
         .\Debug\h_arf_a.obj
         .\Debug\h_cov.obj
         .\Debug\h_iam.obj
         .\Debug\h_npdu.obj
         .\Debug\h_rp.obj
         .\Debug\h_rpm.obj
         .\Debug\h_rp_a.obj
         .\Debug\h_whois.obj
         .\Debug\h_wp.obj
         .\Debug\noserv.obj
         .\Debug\s_iam.obj
         .\Debug\s_rp.obj
         .\Debug\s_whois.obj
         .\Debug\s_wp.obj
         .\Debug\txbuf.obj
         .\Debug\ai.obj
         .\Debug\ao.obj
         .\Debug\av.obj
         .\Debug\bacfile.obj
         .\Debug\bi.obj
         .\Debug\bo.obj
         .\Debug\bv.obj
         .\Debug\device.obj
         .\Debug\lc.obj
         .\Debug\lsp.obj
         ".\Debug\ms-input.obj"
         .\Debug\mso.obj
         .\Debug\trendlog.obj
         .\Debug\abort.obj
         .\Debug\address.obj
         .\Debug\apdu.obj
         .\Debug\arf.obj
         .\Debug\bacaddr.obj
         .\Debug\bacapp.obj
         .\Debug\bacdcode.obj
         .\Debug\bacdevobjpropref.obj
         .\Debug\bacerror.obj
         .\Debug\bacint.obj
         .\Debug\bacreal.obj
         .\Debug\bacstr.obj
         .\Debug\bactext.obj
         .\Debug\bip.obj
         .\Debug\bvlc.obj
         .\Debug\cov.obj
         .\Debug\crc.obj
         .\Debug\datetime.obj
         .\Debug\dcc.obj
         .\Debug\debug.obj
         .\Debug\iam.obj
         .\Debug\indtext.obj
         .\Debug\memcopy.obj
         .\Debug\mstp.obj
         .\Debug\mstptext.obj
         .\Debug\npdu.obj
         .\Debug\reject.obj
         .\Debug\ringbuf.obj
         .\Debug\rp.obj
         .\Debug\rpm.obj
         .\Debug\tsm.obj
         .\Debug\version.obj
         .\Debug\whois.obj
         .\Debug\wp.obj
         ".\Debug\bip-init.obj"
         .\Debug\dlmstp.obj
         .\Debug\main.obj
         .\Debug\rs485.obj
     1>dlenv.obj : warning LNK4075: ignoring '/EDITANDCONTINUE' due to '/SAFESEH' specification
     1>dlmstp.obj : error LNK2019: unresolved external symbol _timer_init referenced in function _dlmstp_init
     1>dlmstp.obj : error LNK2019: unresolved external symbol _timer_milliseconds referenced in function _Timer_Silence
     1>dlmstp.obj : error LNK2019: unresolved external symbol _timer_reset referenced in function _Timer_Silence_Reset
     1>.\Debug\bacnet.exe : fatal error LNK1120: 3 unresolved externals
     1>Done Building Project "C:\Users\Tyler\Desktop\bacnet-stack-0.8.2\ports\win32\bacnet\bacnet.vcxproj" (Build target(s)) -- FAILED.

Build FAILED.

Time Elapsed 00:00:00.29
